<?xml version="1.0" encoding="UTF-8"?>
<!-- Generated by org.testng.reporters.JUnitXMLReporter -->
<testsuite hostname="DESKTOP-QB65O9M" ignored="0" name="Test" tests="1" failures="1" timestamp="02 Sep 2020 20:03:52 GMT" time="28.775" errors="0">
  <testcase name="loginAPP" time="0.042" classname="com.learn_automation.testCases.LogintoCRM">
    <failure type="java.lang.NullPointerException">
      <![CDATA[java.lang.NullPointerException
at com.learn_automation.utility.ExcelDataProvider.getStringData(ExcelDataProvider.java:29)
at com.learn_automation.testCases.LogintoCRM.loginAPP(LogintoCRM.java:19)
... Removed 25 stack frames]]>
    </failure>
  </testcase> <!-- loginAPP -->
</testsuite> <!-- Test -->
